mode: set
be/delivery/controllers/auth/auth.go:18.42,22.2 1 1
be/delivery/controllers/auth/auth.go:24.52,25.36 1 1
be/delivery/controllers/auth/auth.go:25.36,28.97 2 1
be/delivery/controllers/auth/auth.go:32.3,34.17 2 1
be/delivery/controllers/auth/auth.go:37.3,39.17 2 1
be/delivery/controllers/auth/auth.go:43.3,46.6 1 1
be/delivery/controllers/auth/auth.go:28.97,30.4 1 1
be/delivery/controllers/auth/auth.go:34.17,36.4 1 1
be/delivery/controllers/auth/auth.go:39.17,41.4 1 1
be/delivery/controllers/booking/booking.go:24.70,29.2 1 1
be/delivery/controllers/booking/booking.go:31.58,32.36 1 1
be/delivery/controllers/booking/booking.go:32.36,35.39 2 1
be/delivery/controllers/booking/booking.go:39.3,44.18 4 1
be/delivery/controllers/booking/booking.go:47.3,49.18 2 1
be/delivery/controllers/booking/booking.go:53.3,55.17 2 1
be/delivery/controllers/booking/booking.go:59.3,59.103 1 1
be/delivery/controllers/booking/booking.go:35.39,37.4 1 1
be/delivery/controllers/booking/booking.go:44.18,46.4 1 0
be/delivery/controllers/booking/booking.go:49.18,51.4 1 0
be/delivery/controllers/booking/booking.go:55.17,57.4 1 1
be/delivery/controllers/booking/booking.go:63.59,64.36 1 1
be/delivery/controllers/booking/booking.go:64.36,69.17 3 1
be/delivery/controllers/booking/booking.go:73.3,73.93 1 1
be/delivery/controllers/booking/booking.go:69.17,71.4 1 1
be/delivery/controllers/booking/booking.go:77.58,78.36 1 1
be/delivery/controllers/booking/booking.go:78.36,83.39 3 1
be/delivery/controllers/booking/booking.go:87.3,92.18 4 1
be/delivery/controllers/booking/booking.go:95.3,97.18 3 1
be/delivery/controllers/booking/booking.go:101.3,103.17 2 1
be/delivery/controllers/booking/booking.go:107.3,107.108 1 1
be/delivery/controllers/booking/booking.go:83.39,85.4 1 1
be/delivery/controllers/booking/booking.go:92.18,94.4 1 1
be/delivery/controllers/booking/booking.go:97.18,99.4 1 0
be/delivery/controllers/booking/booking.go:103.17,105.4 1 1
be/delivery/controllers/booking/booking.go:111.58,112.36 1 1
be/delivery/controllers/booking/booking.go:112.36,118.17 3 1
be/delivery/controllers/booking/booking.go:122.3,122.96 1 1
be/delivery/controllers/booking/booking.go:118.17,120.4 1 1
be/delivery/controllers/booking/booking.go:125.65,126.36 1 0
be/delivery/controllers/booking/booking.go:126.36,136.17 6 0
be/delivery/controllers/booking/booking.go:139.3,139.17 1 0
be/delivery/controllers/booking/booking.go:142.3,142.40 1 0
be/delivery/controllers/booking/booking.go:207.3,210.17 2 0
be/delivery/controllers/booking/booking.go:215.3,223.105 6 0
be/delivery/controllers/booking/booking.go:136.17,138.4 1 0
be/delivery/controllers/booking/booking.go:139.17,141.4 1 0
be/delivery/controllers/booking/booking.go:143.16,159.5 1 0
be/delivery/controllers/booking/booking.go:161.20,186.5 1 0
be/delivery/controllers/booking/booking.go:187.15,203.5 1 0
be/delivery/controllers/booking/booking.go:210.17,213.4 1 0
be/delivery/controllers/booking/booking.go:228.60,229.36 1 0
be/delivery/controllers/booking/booking.go:229.36,233.42 2 0
be/delivery/controllers/booking/booking.go:237.3,239.17 2 0
be/delivery/controllers/booking/booking.go:243.3,243.37 1 0
be/delivery/controllers/booking/booking.go:257.3,257.108 1 0
be/delivery/controllers/booking/booking.go:233.42,235.4 1 0
be/delivery/controllers/booking/booking.go:239.17,241.4 1 0
be/delivery/controllers/booking/booking.go:244.21,245.88 1 0
be/delivery/controllers/booking/booking.go:246.18,247.91 1 0
be/delivery/controllers/booking/booking.go:248.17,249.91 1 0
be/delivery/controllers/city/city.go:15.42,19.2 1 1
be/delivery/controllers/city/city.go:21.55,22.36 1 1
be/delivery/controllers/city/city.go:22.36,25.17 2 1
be/delivery/controllers/city/city.go:29.3,29.89 1 1
be/delivery/controllers/city/city.go:25.17,27.4 1 1
be/delivery/controllers/room/room.go:27.67,32.2 1 1
be/delivery/controllers/room/room.go:34.56,35.36 1 1
be/delivery/controllers/room/room.go:35.36,40.17 3 1
be/delivery/controllers/room/room.go:44.3,44.90 1 1
be/delivery/controllers/room/room.go:40.17,42.4 1 1
be/delivery/controllers/room/room.go:48.55,49.36 1 1
be/delivery/controllers/room/room.go:49.36,55.18 4 1
be/delivery/controllers/room/room.go:59.3,61.17 2 1
be/delivery/controllers/room/room.go:65.3,65.94 1 1
be/delivery/controllers/room/room.go:55.18,57.4 1 1
be/delivery/controllers/room/room.go:61.17,63.4 1 1
be/delivery/controllers/room/room.go:68.55,69.36 1 0
be/delivery/controllers/room/room.go:69.36,73.39 3 0
be/delivery/controllers/room/room.go:77.3,77.40 1 0
be/delivery/controllers/room/room.go:81.3,85.17 3 0
be/delivery/controllers/room/room.go:89.3,90.18 2 0
be/delivery/controllers/room/room.go:93.3,96.30 3 0
be/delivery/controllers/room/room.go:130.3,134.18 3 0
be/delivery/controllers/room/room.go:138.3,138.90 1 0
be/delivery/controllers/room/room.go:73.39,75.4 1 0
be/delivery/controllers/room/room.go:77.40,79.4 1 0
be/delivery/controllers/room/room.go:85.17,87.4 1 0
be/delivery/controllers/room/room.go:90.18,92.4 1 0
be/delivery/controllers/room/room.go:96.30,99.19 3 0
be/delivery/controllers/room/room.go:104.4,112.19 2 0
be/delivery/controllers/room/room.go:116.4,118.19 2 0
be/delivery/controllers/room/room.go:122.4,126.79 3 0
be/delivery/controllers/room/room.go:99.19,101.5 1 0
be/delivery/controllers/room/room.go:112.19,114.5 1 0
be/delivery/controllers/room/room.go:118.19,120.5 1 0
be/delivery/controllers/room/room.go:134.18,136.4 1 0
be/delivery/controllers/room/room.go:141.55,142.36 1 0
be/delivery/controllers/room/room.go:142.36,146.39 3 0
be/delivery/controllers/room/room.go:149.3,153.17 3 0
be/delivery/controllers/room/room.go:157.3,157.93 1 0
be/delivery/controllers/room/room.go:146.39,148.4 1 0
be/delivery/controllers/room/room.go:153.17,155.4 1 0
be/delivery/controllers/room/room.go:161.55,162.36 1 1
be/delivery/controllers/room/room.go:162.36,167.17 3 1
be/delivery/controllers/room/room.go:171.3,171.93 1 1
be/delivery/controllers/room/room.go:167.17,169.4 1 1
be/delivery/controllers/user/user.go:18.42,22.2 1 1
be/delivery/controllers/user/user.go:24.53,25.36 1 1
be/delivery/controllers/user/user.go:25.36,28.39 2 1
be/delivery/controllers/user/user.go:31.3,32.40 2 1
be/delivery/controllers/user/user.go:36.3,38.17 2 1
be/delivery/controllers/user/user.go:42.3,42.107 1 1
be/delivery/controllers/user/user.go:28.39,30.4 1 1
be/delivery/controllers/user/user.go:32.40,34.4 1 1
be/delivery/controllers/user/user.go:38.17,40.4 1 1
be/delivery/controllers/user/user.go:46.54,47.36 1 1
be/delivery/controllers/user/user.go:47.36,53.17 3 1
be/delivery/controllers/user/user.go:57.3,57.90 1 1
be/delivery/controllers/user/user.go:53.17,55.4 1 1
be/delivery/controllers/user/user.go:61.53,62.36 1 1
be/delivery/controllers/user/user.go:62.36,67.42 3 1
be/delivery/controllers/user/user.go:71.3,73.17 2 1
be/delivery/controllers/user/user.go:77.3,77.105 1 1
be/delivery/controllers/user/user.go:67.42,69.4 1 1
be/delivery/controllers/user/user.go:73.17,75.4 1 1
be/delivery/controllers/user/user.go:81.53,82.36 1 1
be/delivery/controllers/user/user.go:82.36,85.57 2 1
be/delivery/controllers/user/user.go:89.3,89.93 1 1
be/delivery/controllers/user/user.go:85.57,87.4 1 1
be/repository/database/auth/auth.go:15.31,19.2 1 1
be/repository/database/auth/auth.go:21.73,25.81 3 1
be/repository/database/auth/auth.go:28.2,28.18 1 1
be/repository/database/auth/auth.go:25.81,27.3 1 1
be/repository/database/booking/booking.go:17.34,21.2 1 1
be/repository/database/booking/booking.go:23.115,29.17 4 1
be/repository/database/booking/booking.go:32.2,33.17 2 1
be/repository/database/booking/booking.go:37.2,37.54 1 1
be/repository/database/booking/booking.go:41.2,43.14 2 1
be/repository/database/booking/booking.go:47.2,49.6 2 1
be/repository/database/booking/booking.go:61.2,65.108 3 1
be/repository/database/booking/booking.go:68.2,68.34 1 1
be/repository/database/booking/booking.go:72.2,72.31 1 1
be/repository/database/booking/booking.go:76.2,86.30 8 1
be/repository/database/booking/booking.go:90.2,92.22 2 1
be/repository/database/booking/booking.go:96.2,99.23 3 1
be/repository/database/booking/booking.go:103.2,104.72 2 1
be/repository/database/booking/booking.go:110.2,111.16 2 1
be/repository/database/booking/booking.go:114.2,118.16 4 1
be/repository/database/booking/booking.go:121.2,123.24 2 1
be/repository/database/booking/booking.go:29.17,31.3 1 1
be/repository/database/booking/booking.go:33.17,35.3 1 0
be/repository/database/booking/booking.go:37.54,39.3 1 1
be/repository/database/booking/booking.go:43.14,45.3 1 1
be/repository/database/booking/booking.go:49.6,53.28 4 1
be/repository/database/booking/booking.go:56.3,56.23 1 0
be/repository/database/booking/booking.go:53.28,54.9 1 1
be/repository/database/booking/booking.go:56.23,58.4 1 0
be/repository/database/booking/booking.go:65.108,67.3 1 0
be/repository/database/booking/booking.go:68.34,70.3 1 1
be/repository/database/booking/booking.go:72.31,74.3 1 1
be/repository/database/booking/booking.go:86.30,88.3 1 1
be/repository/database/booking/booking.go:92.22,94.3 1 0
be/repository/database/booking/booking.go:99.23,101.3 1 0
be/repository/database/booking/booking.go:104.72,106.3 1 0
be/repository/database/booking/booking.go:106.8,108.3 1 1
be/repository/database/booking/booking.go:111.16,113.3 1 0
be/repository/database/booking/booking.go:118.16,120.3 1 0
be/repository/database/booking/booking.go:126.117,130.28 2 1
be/repository/database/booking/booking.go:153.2,158.15 4 1
be/repository/database/booking/booking.go:164.2,164.33 1 1
be/repository/database/booking/booking.go:168.2,170.142 2 1
be/repository/database/booking/booking.go:176.2,178.28 2 1
be/repository/database/booking/booking.go:200.2,200.38 1 1
be/repository/database/booking/booking.go:206.2,206.124 1 1
be/repository/database/booking/booking.go:212.2,214.54 2 1
be/repository/database/booking/booking.go:219.2,219.270 1 1
be/repository/database/booking/booking.go:225.2,230.23 4 1
be/repository/database/booking/booking.go:235.2,236.72 2 1
be/repository/database/booking/booking.go:242.2,243.16 2 1
be/repository/database/booking/booking.go:246.2,250.16 4 1
be/repository/database/booking/booking.go:253.2,255.24 2 1
be/repository/database/booking/booking.go:130.28,133.18 3 1
be/repository/database/booking/booking.go:136.3,137.18 2 1
be/repository/database/booking/booking.go:140.3,140.55 1 1
be/repository/database/booking/booking.go:143.3,145.15 2 1
be/repository/database/booking/booking.go:149.3,150.50 2 1
be/repository/database/booking/booking.go:133.18,135.4 1 1
be/repository/database/booking/booking.go:137.18,139.4 1 1
be/repository/database/booking/booking.go:140.55,142.4 1 1
be/repository/database/booking/booking.go:145.15,147.4 1 1
be/repository/database/booking/booking.go:158.15,159.31 1 1
be/repository/database/booking/booking.go:159.31,161.4 1 0
be/repository/database/booking/booking.go:164.33,166.3 1 0
be/repository/database/booking/booking.go:170.142,174.3 2 1
be/repository/database/booking/booking.go:178.28,182.31 2 1
be/repository/database/booking/booking.go:188.3,189.121 2 1
be/repository/database/booking/booking.go:194.3,194.32 1 1
be/repository/database/booking/booking.go:182.31,186.4 2 1
be/repository/database/booking/booking.go:189.121,192.4 2 0
be/repository/database/booking/booking.go:194.32,197.4 2 1
be/repository/database/booking/booking.go:200.38,204.3 2 0
be/repository/database/booking/booking.go:206.124,211.3 2 0
be/repository/database/booking/booking.go:214.54,217.3 1 0
be/repository/database/booking/booking.go:219.270,223.3 2 0
be/repository/database/booking/booking.go:230.23,233.3 1 0
be/repository/database/booking/booking.go:236.72,238.3 1 0
be/repository/database/booking/booking.go:238.8,240.3 1 1
be/repository/database/booking/booking.go:243.16,245.3 1 0
be/repository/database/booking/booking.go:250.16,252.3 1 0
be/repository/database/booking/booking.go:259.80,264.23 3 1
be/repository/database/booking/booking.go:269.2,270.74 2 1
be/repository/database/booking/booking.go:276.2,277.16 2 1
be/repository/database/booking/booking.go:280.2,284.16 4 1
be/repository/database/booking/booking.go:287.2,289.25 2 1
be/repository/database/booking/booking.go:264.23,267.3 1 1
be/repository/database/booking/booking.go:270.74,272.3 1 0
be/repository/database/booking/booking.go:272.8,274.3 1 1
be/repository/database/booking/booking.go:277.16,279.3 1 0
be/repository/database/booking/booking.go:284.16,286.3 1 0
be/repository/database/booking/booking.go:292.77,298.28 3 1
be/repository/database/booking/booking.go:302.2,302.25 1 1
be/repository/database/booking/booking.go:298.28,300.3 1 1
be/repository/database/booking/booking.go:305.80,310.47 3 1
be/repository/database/booking/booking.go:314.2,314.25 1 1
be/repository/database/booking/booking.go:310.47,312.3 1 1
be/repository/database/city/city.go:13.31,17.2 1 1
be/repository/database/city/city.go:19.50,25.22 3 1
be/repository/database/city/city.go:29.2,29.25 1 1
be/repository/database/city/city.go:25.22,27.3 1 0
be/repository/database/image/image.go:13.32,17.2 1 1
be/repository/database/image/image.go:19.68,25.25 3 1
be/repository/database/image/image.go:29.2,29.40 1 1
be/repository/database/image/image.go:37.2,37.12 1 1
be/repository/database/image/image.go:25.25,27.3 1 0
be/repository/database/image/image.go:29.40,31.108 1 1
be/repository/database/image/image.go:31.108,33.4 1 0
be/repository/database/room/room.go:16.31,20.2 1 1
be/repository/database/room/room.go:22.72,26.6 2 1
be/repository/database/room/room.go:38.2,40.52 2 1
be/repository/database/room/room.go:44.2,45.25 2 1
be/repository/database/room/room.go:49.2,52.22 3 1
be/repository/database/room/room.go:56.2,56.18 1 1
be/repository/database/room/room.go:26.6,30.28 4 1
be/repository/database/room/room.go:33.3,33.23 1 0
be/repository/database/room/room.go:30.28,31.9 1 1
be/repository/database/room/room.go:33.23,35.4 1 0
be/repository/database/room/room.go:40.52,42.3 1 0
be/repository/database/room/room.go:45.25,47.3 1 0
be/repository/database/room/room.go:52.22,54.3 1 0
be/repository/database/room/room.go:59.107,62.15 2 1
be/repository/database/room/room.go:68.2,68.33 1 1
be/repository/database/room/room.go:72.2,74.130 2 1
be/repository/database/room/room.go:78.2,79.35 2 1
be/repository/database/room/room.go:84.2,84.112 1 1
be/repository/database/room/room.go:89.2,91.51 2 1
be/repository/database/room/room.go:96.2,96.260 1 1
be/repository/database/room/room.go:101.2,101.36 1 1
be/repository/database/room/room.go:62.15,63.31 1 1
be/repository/database/room/room.go:63.31,65.4 1 0
be/repository/database/room/room.go:68.33,70.3 1 0
be/repository/database/room/room.go:74.130,77.3 2 1
be/repository/database/room/room.go:79.35,82.3 2 0
be/repository/database/room/room.go:84.112,88.3 3 0
be/repository/database/room/room.go:91.51,94.3 2 0
be/repository/database/room/room.go:96.260,99.3 2 0
be/repository/database/room/room.go:104.93,110.16 3 1
be/repository/database/room/room.go:118.2,118.20 1 1
be/repository/database/room/room.go:124.2,130.22 4 1
be/repository/database/room/room.go:134.2,134.25 1 1
be/repository/database/room/room.go:110.16,112.3 1 1
be/repository/database/room/room.go:118.20,120.3 1 1
be/repository/database/room/room.go:120.8,122.3 1 0
be/repository/database/room/room.go:130.22,132.3 1 0
be/repository/database/room/room.go:137.71,142.49 3 1
be/repository/database/room/room.go:146.2,150.23 3 1
be/repository/database/room/room.go:154.2,156.18 2 1
be/repository/database/room/room.go:142.49,144.3 1 1
be/repository/database/room/room.go:150.23,152.3 1 0
be/repository/database/room/room.go:159.68,164.28 3 1
be/repository/database/room/room.go:168.2,168.22 1 1
be/repository/database/room/room.go:164.28,166.3 1 1
be/repository/database/user/user.go:17.31,21.2 1 1
be/repository/database/user/user.go:23.71,29.34 3 1
be/repository/database/user/user.go:33.2,35.6 2 1
be/repository/database/user/user.go:43.2,47.52 3 1
be/repository/database/user/user.go:51.2,51.18 1 1
be/repository/database/user/user.go:29.34,31.3 1 1
be/repository/database/user/user.go:35.6,39.28 4 1
be/repository/database/user/user.go:39.28,40.9 1 1
be/repository/database/user/user.go:47.52,49.3 1 0
be/repository/database/user/user.go:54.71,57.131 2 1
be/repository/database/user/user.go:61.2,64.23 3 1
be/repository/database/user/user.go:68.2,74.23 4 1
be/repository/database/user/user.go:78.2,80.18 2 1
be/repository/database/user/user.go:57.131,59.3 1 1
be/repository/database/user/user.go:64.23,66.3 1 0
be/repository/database/user/user.go:74.23,76.3 1 0
be/repository/database/user/user.go:83.90,86.15 2 1
be/repository/database/user/user.go:92.2,92.33 1 1
be/repository/database/user/user.go:96.2,98.130 2 1
be/repository/database/user/user.go:102.2,103.35 2 1
be/repository/database/user/user.go:108.2,108.112 1 1
be/repository/database/user/user.go:113.2,115.51 2 1
be/repository/database/user/user.go:120.2,120.179 1 1
be/repository/database/user/user.go:125.2,125.36 1 1
be/repository/database/user/user.go:86.15,87.31 1 1
be/repository/database/user/user.go:87.31,89.4 1 0
be/repository/database/user/user.go:92.33,94.3 1 0
be/repository/database/user/user.go:98.130,101.3 2 1
be/repository/database/user/user.go:103.35,106.3 2 0
be/repository/database/user/user.go:108.112,112.3 3 0
be/repository/database/user/user.go:115.51,118.3 2 0
be/repository/database/user/user.go:120.179,123.3 2 0
be/repository/database/user/user.go:128.67,132.131 2 1
be/repository/database/user/user.go:135.2,135.18 1 1
be/repository/database/user/user.go:132.131,134.3 1 1
