mode: set
be/delivery/controllers/auth/auth.go:18.42,22.2 1 1
be/delivery/controllers/auth/auth.go:24.52,25.36 1 1
be/delivery/controllers/auth/auth.go:25.36,28.97 2 1
be/delivery/controllers/auth/auth.go:32.3,34.17 2 1
be/delivery/controllers/auth/auth.go:37.3,39.17 2 1
be/delivery/controllers/auth/auth.go:43.3,46.6 1 1
be/delivery/controllers/auth/auth.go:28.97,30.4 1 1
be/delivery/controllers/auth/auth.go:34.17,36.4 1 1
be/delivery/controllers/auth/auth.go:39.17,41.4 1 1
be/delivery/controllers/booking/booking.go:21.51,25.2 1 1
be/delivery/controllers/booking/booking.go:27.58,28.36 1 1
be/delivery/controllers/booking/booking.go:28.36,32.39 3 1
be/delivery/controllers/booking/booking.go:36.3,36.40 1 1
be/delivery/controllers/booking/booking.go:40.3,50.17 7 1
be/delivery/controllers/booking/booking.go:54.3,54.103 1 1
be/delivery/controllers/booking/booking.go:32.39,34.4 1 0
be/delivery/controllers/booking/booking.go:36.40,38.4 1 0
be/delivery/controllers/booking/booking.go:50.17,52.4 1 0
be/delivery/controllers/booking/booking.go:58.59,59.36 1 0
be/delivery/controllers/booking/booking.go:59.36,64.17 3 0
be/delivery/controllers/booking/booking.go:68.3,68.93 1 0
be/delivery/controllers/booking/booking.go:64.17,66.4 1 0
be/delivery/controllers/booking/booking.go:72.58,73.36 1 0
be/delivery/controllers/booking/booking.go:73.36,77.39 3 0
be/delivery/controllers/booking/booking.go:81.3,81.40 1 0
be/delivery/controllers/booking/booking.go:85.3,94.17 6 0
be/delivery/controllers/booking/booking.go:98.3,98.96 1 0
be/delivery/controllers/booking/booking.go:77.39,79.4 1 0
be/delivery/controllers/booking/booking.go:81.40,83.4 1 0
be/delivery/controllers/booking/booking.go:94.17,96.4 1 0
be/delivery/controllers/booking/booking.go:102.58,103.36 1 0
be/delivery/controllers/booking/booking.go:103.36,109.17 3 0
be/delivery/controllers/booking/booking.go:113.3,113.96 1 0
be/delivery/controllers/booking/booking.go:109.17,111.4 1 0
be/delivery/controllers/room/room.go:27.67,32.2 1 0
be/delivery/controllers/room/room.go:34.56,35.36 1 0
be/delivery/controllers/room/room.go:35.36,40.17 3 0
be/delivery/controllers/room/room.go:44.3,44.90 1 0
be/delivery/controllers/room/room.go:40.17,42.4 1 0
be/delivery/controllers/room/room.go:48.55,49.36 1 0
be/delivery/controllers/room/room.go:49.36,59.17 7 0
be/delivery/controllers/room/room.go:63.3,63.94 1 0
be/delivery/controllers/room/room.go:59.17,61.4 1 0
be/delivery/controllers/room/room.go:66.55,67.36 1 0
be/delivery/controllers/room/room.go:67.36,71.39 3 0
be/delivery/controllers/room/room.go:75.3,75.40 1 0
be/delivery/controllers/room/room.go:79.3,83.17 3 0
be/delivery/controllers/room/room.go:87.3,88.18 2 0
be/delivery/controllers/room/room.go:91.3,94.30 3 0
be/delivery/controllers/room/room.go:128.3,132.18 3 0
be/delivery/controllers/room/room.go:136.3,136.90 1 0
be/delivery/controllers/room/room.go:71.39,73.4 1 0
be/delivery/controllers/room/room.go:75.40,77.4 1 0
be/delivery/controllers/room/room.go:83.17,85.4 1 0
be/delivery/controllers/room/room.go:88.18,90.4 1 0
be/delivery/controllers/room/room.go:94.30,97.19 3 0
be/delivery/controllers/room/room.go:102.4,110.19 2 0
be/delivery/controllers/room/room.go:114.4,116.19 2 0
be/delivery/controllers/room/room.go:120.4,124.79 3 0
be/delivery/controllers/room/room.go:97.19,99.5 1 0
be/delivery/controllers/room/room.go:110.19,112.5 1 0
be/delivery/controllers/room/room.go:116.19,118.5 1 0
be/delivery/controllers/room/room.go:132.18,134.4 1 0
be/delivery/controllers/room/room.go:139.55,140.36 1 0
be/delivery/controllers/room/room.go:140.36,144.39 3 0
be/delivery/controllers/room/room.go:147.3,151.17 3 0
be/delivery/controllers/room/room.go:155.3,155.93 1 0
be/delivery/controllers/room/room.go:144.39,146.4 1 0
be/delivery/controllers/room/room.go:151.17,153.4 1 0
be/delivery/controllers/room/room.go:159.55,160.36 1 0
be/delivery/controllers/room/room.go:160.36,165.17 3 0
be/delivery/controllers/room/room.go:169.3,169.93 1 0
be/delivery/controllers/room/room.go:165.17,167.4 1 0
be/delivery/controllers/user/user.go:18.42,22.2 1 1
be/delivery/controllers/user/user.go:24.53,25.36 1 1
be/delivery/controllers/user/user.go:25.36,28.39 2 1
be/delivery/controllers/user/user.go:31.3,32.40 2 1
be/delivery/controllers/user/user.go:36.3,38.17 2 1
be/delivery/controllers/user/user.go:42.3,42.107 1 1
be/delivery/controllers/user/user.go:28.39,30.4 1 1
be/delivery/controllers/user/user.go:32.40,34.4 1 0
be/delivery/controllers/user/user.go:38.17,40.4 1 1
be/delivery/controllers/user/user.go:46.54,47.36 1 1
be/delivery/controllers/user/user.go:47.36,53.17 3 1
be/delivery/controllers/user/user.go:57.3,57.90 1 1
be/delivery/controllers/user/user.go:53.17,55.4 1 0
be/delivery/controllers/user/user.go:61.53,62.36 1 1
be/delivery/controllers/user/user.go:62.36,67.42 3 1
be/delivery/controllers/user/user.go:71.3,73.17 2 1
be/delivery/controllers/user/user.go:77.3,77.105 1 1
be/delivery/controllers/user/user.go:67.42,69.4 1 0
be/delivery/controllers/user/user.go:73.17,75.4 1 0
be/delivery/controllers/user/user.go:81.53,82.36 1 1
be/delivery/controllers/user/user.go:82.36,85.57 2 1
be/delivery/controllers/user/user.go:89.3,89.93 1 1
be/delivery/controllers/user/user.go:85.57,87.4 1 0
be/repository/database/auth/auth.go:15.31,19.2 1 1
be/repository/database/auth/auth.go:21.73,25.81 3 1
be/repository/database/auth/auth.go:28.2,28.18 1 1
be/repository/database/auth/auth.go:25.81,27.3 1 1
be/repository/database/booking/booking.go:18.34,22.2 1 1
be/repository/database/booking/booking.go:24.115,30.17 4 1
be/repository/database/booking/booking.go:33.2,34.17 2 1
be/repository/database/booking/booking.go:37.2,39.14 3 1
be/repository/database/booking/booking.go:43.2,45.6 2 1
be/repository/database/booking/booking.go:57.2,61.108 3 1
be/repository/database/booking/booking.go:64.2,64.34 1 1
be/repository/database/booking/booking.go:68.2,68.31 1 1
be/repository/database/booking/booking.go:72.2,81.30 6 1
be/repository/database/booking/booking.go:85.2,87.22 2 1
be/repository/database/booking/booking.go:91.2,94.23 3 1
be/repository/database/booking/booking.go:97.2,99.16 3 1
be/repository/database/booking/booking.go:102.2,106.16 4 1
be/repository/database/booking/booking.go:109.2,111.24 2 1
be/repository/database/booking/booking.go:30.17,32.3 1 0
be/repository/database/booking/booking.go:34.17,36.3 1 0
be/repository/database/booking/booking.go:39.14,41.3 1 0
be/repository/database/booking/booking.go:45.6,49.28 4 1
be/repository/database/booking/booking.go:52.3,52.23 1 0
be/repository/database/booking/booking.go:49.28,50.9 1 1
be/repository/database/booking/booking.go:52.23,54.4 1 0
be/repository/database/booking/booking.go:61.108,63.3 1 0
be/repository/database/booking/booking.go:64.34,66.3 1 0
be/repository/database/booking/booking.go:68.31,70.3 1 0
be/repository/database/booking/booking.go:81.30,83.3 1 0
be/repository/database/booking/booking.go:87.22,89.3 1 0
be/repository/database/booking/booking.go:94.23,96.3 1 0
be/repository/database/booking/booking.go:99.16,101.3 1 0
be/repository/database/booking/booking.go:106.16,108.3 1 0
be/repository/database/booking/booking.go:114.124,118.15 2 0
be/repository/database/booking/booking.go:124.2,124.33 1 0
be/repository/database/booking/booking.go:128.2,130.117 2 0
be/repository/database/booking/booking.go:136.2,136.29 1 0
be/repository/database/booking/booking.go:157.2,157.38 1 0
be/repository/database/booking/booking.go:163.2,163.124 1 0
be/repository/database/booking/booking.go:169.2,171.54 3 0
be/repository/database/booking/booking.go:176.2,176.217 1 0
be/repository/database/booking/booking.go:182.2,187.23 4 0
be/repository/database/booking/booking.go:192.2,192.24 1 0
be/repository/database/booking/booking.go:118.15,119.31 1 0
be/repository/database/booking/booking.go:119.31,121.4 1 0
be/repository/database/booking/booking.go:124.33,126.3 1 0
be/repository/database/booking/booking.go:130.117,134.3 2 0
be/repository/database/booking/booking.go:136.29,139.31 2 0
be/repository/database/booking/booking.go:145.3,146.121 2 0
be/repository/database/booking/booking.go:151.3,151.32 1 0
be/repository/database/booking/booking.go:139.31,143.4 2 0
be/repository/database/booking/booking.go:146.121,149.4 2 0
be/repository/database/booking/booking.go:151.32,154.4 2 0
be/repository/database/booking/booking.go:157.38,161.3 2 0
be/repository/database/booking/booking.go:163.124,168.3 2 0
be/repository/database/booking/booking.go:171.54,174.3 1 0
be/repository/database/booking/booking.go:176.217,180.3 2 0
be/repository/database/booking/booking.go:187.23,190.3 1 0
be/repository/database/booking/booking.go:196.80,201.23 3 0
be/repository/database/booking/booking.go:206.2,206.25 1 0
be/repository/database/booking/booking.go:201.23,204.3 1 0
be/repository/database/booking/booking.go:209.77,215.28 3 0
be/repository/database/booking/booking.go:219.2,219.25 1 0
be/repository/database/booking/booking.go:215.28,217.3 1 0
be/repository/database/city/city.go:13.31,17.2 1 1
be/repository/database/city/city.go:19.50,25.22 3 1
be/repository/database/city/city.go:29.2,29.25 1 1
be/repository/database/city/city.go:25.22,27.3 1 0
be/repository/database/image/image.go:13.32,17.2 1 1
be/repository/database/image/image.go:19.68,25.25 3 1
be/repository/database/image/image.go:29.2,29.40 1 1
be/repository/database/image/image.go:37.2,37.12 1 1
be/repository/database/image/image.go:25.25,27.3 1 0
be/repository/database/image/image.go:29.40,31.108 1 1
be/repository/database/image/image.go:31.108,33.4 1 0
be/repository/database/room/room.go:16.31,20.2 1 1
be/repository/database/room/room.go:22.72,26.6 2 1
be/repository/database/room/room.go:38.2,40.52 2 1
be/repository/database/room/room.go:44.2,45.25 2 1
be/repository/database/room/room.go:49.2,52.22 3 1
be/repository/database/room/room.go:56.2,56.18 1 1
be/repository/database/room/room.go:26.6,30.28 4 1
be/repository/database/room/room.go:33.3,33.23 1 0
be/repository/database/room/room.go:30.28,31.9 1 1
be/repository/database/room/room.go:33.23,35.4 1 0
be/repository/database/room/room.go:40.52,42.3 1 0
be/repository/database/room/room.go:45.25,47.3 1 1
be/repository/database/room/room.go:52.22,54.3 1 0
be/repository/database/room/room.go:59.107,62.15 2 0
be/repository/database/room/room.go:68.2,68.33 1 0
be/repository/database/room/room.go:72.2,74.105 2 0
be/repository/database/room/room.go:79.2,79.35 1 0
be/repository/database/room/room.go:84.2,84.112 1 0
be/repository/database/room/room.go:89.2,91.51 3 0
be/repository/database/room/room.go:96.2,96.212 1 0
be/repository/database/room/room.go:101.2,101.36 1 0
be/repository/database/room/room.go:62.15,63.31 1 0
be/repository/database/room/room.go:63.31,65.4 1 0
be/repository/database/room/room.go:68.33,70.3 1 0
be/repository/database/room/room.go:74.105,77.3 2 0
be/repository/database/room/room.go:79.35,82.3 2 0
be/repository/database/room/room.go:84.112,88.3 3 0
be/repository/database/room/room.go:91.51,94.3 2 0
be/repository/database/room/room.go:96.212,99.3 2 0
be/repository/database/room/room.go:104.107,110.16 3 1
be/repository/database/room/room.go:113.2,113.20 1 1
be/repository/database/room/room.go:116.2,116.18 1 1
be/repository/database/room/room.go:119.2,119.16 1 1
be/repository/database/room/room.go:123.2,129.22 4 1
be/repository/database/room/room.go:133.2,133.25 1 1
be/repository/database/room/room.go:110.16,112.3 1 1
be/repository/database/room/room.go:113.20,115.3 1 1
be/repository/database/room/room.go:116.18,118.3 1 1
be/repository/database/room/room.go:119.16,121.3 1 1
be/repository/database/room/room.go:129.22,131.3 1 0
be/repository/database/room/room.go:136.71,141.23 3 1
be/repository/database/room/room.go:145.2,149.23 3 1
be/repository/database/room/room.go:153.2,155.18 2 1
be/repository/database/room/room.go:141.23,143.3 1 0
be/repository/database/room/room.go:149.23,151.3 1 0
be/repository/database/room/room.go:158.68,163.28 3 1
be/repository/database/room/room.go:167.2,167.22 1 1
be/repository/database/room/room.go:163.28,165.3 1 0
be/repository/database/user/user.go:17.31,21.2 1 1
be/repository/database/user/user.go:23.71,29.34 3 1
be/repository/database/user/user.go:33.2,35.6 2 1
be/repository/database/user/user.go:43.2,47.52 3 1
be/repository/database/user/user.go:51.2,51.18 1 1
be/repository/database/user/user.go:29.34,31.3 1 1
be/repository/database/user/user.go:35.6,39.28 4 1
be/repository/database/user/user.go:39.28,40.9 1 1
be/repository/database/user/user.go:47.52,49.3 1 0
be/repository/database/user/user.go:54.71,57.100 2 1
be/repository/database/user/user.go:61.2,61.18 1 0
be/repository/database/user/user.go:57.100,59.3 1 1
be/repository/database/user/user.go:64.90,67.15 2 1
be/repository/database/user/user.go:73.2,73.33 1 1
be/repository/database/user/user.go:77.2,79.105 2 1
be/repository/database/user/user.go:84.2,84.35 1 1
be/repository/database/user/user.go:89.2,89.112 1 1
be/repository/database/user/user.go:94.2,96.51 3 1
be/repository/database/user/user.go:101.2,101.179 1 1
be/repository/database/user/user.go:106.2,106.36 1 1
be/repository/database/user/user.go:67.15,68.31 1 1
be/repository/database/user/user.go:68.31,70.4 1 0
be/repository/database/user/user.go:73.33,75.3 1 0
be/repository/database/user/user.go:79.105,82.3 2 0
be/repository/database/user/user.go:84.35,87.3 2 0
be/repository/database/user/user.go:89.112,93.3 3 0
be/repository/database/user/user.go:96.51,99.3 2 0
be/repository/database/user/user.go:101.179,104.3 2 0
be/repository/database/user/user.go:109.67,113.106 2 1
be/repository/database/user/user.go:116.2,116.18 1 1
be/repository/database/user/user.go:113.106,115.3 1 0
