mode: set
be/repository/database/booking/booking.go:17.34,21.2 1 1
be/repository/database/booking/booking.go:23.115,29.17 4 1
be/repository/database/booking/booking.go:32.2,33.17 2 1
be/repository/database/booking/booking.go:37.2,37.54 1 1
be/repository/database/booking/booking.go:41.2,43.14 2 1
be/repository/database/booking/booking.go:47.2,49.6 2 1
be/repository/database/booking/booking.go:61.2,65.108 3 1
be/repository/database/booking/booking.go:68.2,68.34 1 1
be/repository/database/booking/booking.go:72.2,72.31 1 1
be/repository/database/booking/booking.go:76.2,86.30 8 1
be/repository/database/booking/booking.go:90.2,92.22 2 1
be/repository/database/booking/booking.go:96.2,99.23 3 1
be/repository/database/booking/booking.go:103.2,104.72 2 1
be/repository/database/booking/booking.go:110.2,111.16 2 1
be/repository/database/booking/booking.go:114.2,118.16 4 1
be/repository/database/booking/booking.go:121.2,123.24 2 1
be/repository/database/booking/booking.go:29.17,31.3 1 1
be/repository/database/booking/booking.go:33.17,35.3 1 0
be/repository/database/booking/booking.go:37.54,39.3 1 1
be/repository/database/booking/booking.go:43.14,45.3 1 1
be/repository/database/booking/booking.go:49.6,53.28 4 1
be/repository/database/booking/booking.go:56.3,56.23 1 0
be/repository/database/booking/booking.go:53.28,54.9 1 1
be/repository/database/booking/booking.go:56.23,58.4 1 0
be/repository/database/booking/booking.go:65.108,67.3 1 0
be/repository/database/booking/booking.go:68.34,70.3 1 1
be/repository/database/booking/booking.go:72.31,74.3 1 1
be/repository/database/booking/booking.go:86.30,88.3 1 1
be/repository/database/booking/booking.go:92.22,94.3 1 0
be/repository/database/booking/booking.go:99.23,101.3 1 0
be/repository/database/booking/booking.go:104.72,106.3 1 0
be/repository/database/booking/booking.go:106.8,108.3 1 1
be/repository/database/booking/booking.go:111.16,113.3 1 0
be/repository/database/booking/booking.go:118.16,120.3 1 0
be/repository/database/booking/booking.go:126.117,130.28 2 1
be/repository/database/booking/booking.go:153.2,158.15 4 1
be/repository/database/booking/booking.go:164.2,164.33 1 1
be/repository/database/booking/booking.go:168.2,170.142 2 1
be/repository/database/booking/booking.go:176.2,178.28 2 1
be/repository/database/booking/booking.go:200.2,200.38 1 1
be/repository/database/booking/booking.go:206.2,206.124 1 1
be/repository/database/booking/booking.go:212.2,214.54 2 1
be/repository/database/booking/booking.go:219.2,219.270 1 1
be/repository/database/booking/booking.go:225.2,230.23 4 1
be/repository/database/booking/booking.go:235.2,236.72 2 1
be/repository/database/booking/booking.go:242.2,243.16 2 1
be/repository/database/booking/booking.go:246.2,250.16 4 1
be/repository/database/booking/booking.go:253.2,255.24 2 1
be/repository/database/booking/booking.go:130.28,133.18 3 1
be/repository/database/booking/booking.go:136.3,137.18 2 1
be/repository/database/booking/booking.go:140.3,140.55 1 1
be/repository/database/booking/booking.go:143.3,145.15 2 1
be/repository/database/booking/booking.go:149.3,150.50 2 1
be/repository/database/booking/booking.go:133.18,135.4 1 1
be/repository/database/booking/booking.go:137.18,139.4 1 1
be/repository/database/booking/booking.go:140.55,142.4 1 1
be/repository/database/booking/booking.go:145.15,147.4 1 1
be/repository/database/booking/booking.go:158.15,159.31 1 1
be/repository/database/booking/booking.go:159.31,161.4 1 0
be/repository/database/booking/booking.go:164.33,166.3 1 0
be/repository/database/booking/booking.go:170.142,174.3 2 1
be/repository/database/booking/booking.go:178.28,182.31 2 1
be/repository/database/booking/booking.go:188.3,189.121 2 1
be/repository/database/booking/booking.go:194.3,194.32 1 1
be/repository/database/booking/booking.go:182.31,186.4 2 1
be/repository/database/booking/booking.go:189.121,192.4 2 0
be/repository/database/booking/booking.go:194.32,197.4 2 1
be/repository/database/booking/booking.go:200.38,204.3 2 0
be/repository/database/booking/booking.go:206.124,211.3 2 0
be/repository/database/booking/booking.go:214.54,217.3 1 0
be/repository/database/booking/booking.go:219.270,223.3 2 0
be/repository/database/booking/booking.go:230.23,233.3 1 0
be/repository/database/booking/booking.go:236.72,238.3 1 0
be/repository/database/booking/booking.go:238.8,240.3 1 1
be/repository/database/booking/booking.go:243.16,245.3 1 0
be/repository/database/booking/booking.go:250.16,252.3 1 0
be/repository/database/booking/booking.go:259.80,264.23 3 1
be/repository/database/booking/booking.go:269.2,270.74 2 1
be/repository/database/booking/booking.go:276.2,277.16 2 1
be/repository/database/booking/booking.go:280.2,284.16 4 1
be/repository/database/booking/booking.go:287.2,289.25 2 1
be/repository/database/booking/booking.go:264.23,267.3 1 1
be/repository/database/booking/booking.go:270.74,272.3 1 0
be/repository/database/booking/booking.go:272.8,274.3 1 1
be/repository/database/booking/booking.go:277.16,279.3 1 0
be/repository/database/booking/booking.go:284.16,286.3 1 0
be/repository/database/booking/booking.go:292.77,298.28 3 1
be/repository/database/booking/booking.go:302.2,302.25 1 1
be/repository/database/booking/booking.go:298.28,300.3 1 1
